  [1m[35m (0.9ms)[0m  [1m[34mSELECT sqlite_version(*)[0m
  [1m[35m (48.0ms)[0m  [1m[35mCREATE TABLE "schema_migrations" ("version" varchar NOT NULL PRIMARY KEY)[0m
  [1m[35m (179.4ms)[0m  [1m[35mCREATE TABLE "ar_internal_metadata" ("key" varchar NOT NULL PRIMARY KEY, "value" varchar, "created_at" datetime NOT NULL, "updated_at" datetime NOT NULL)[0m
  [1m[35m (10.2ms)[0m  [1m[34mSELECT "schema_migrations"."version" FROM "schema_migrations" ORDER BY "schema_migrations"."version" ASC[0m
Migrating to CreateBlogs (20180408223514)
  [1m[35m (0.2ms)[0m  [1m[36mbegin transaction[0m
  [1m[35m (102.7ms)[0m  [1m[35mCREATE TABLE "blogs" ("id" INTEGER PRIMARY KEY AUTOINCREMENT NOT NULL, "name" varchar, "description" varchar, "created_at" datetime NOT NULL, "updated_at" datetime NOT NULL)[0m
  [1m[35mSQL (6.4ms)[0m  [1m[32mINSERT INTO "schema_migrations" ("version") VALUES (?)[0m  [["version", "20180408223514"]]
  [1m[35m (57.6ms)[0m  [1m[36mcommit transaction[0m
  [1m[36mActiveRecord::InternalMetadata Load (19.1ms)[0m  [1m[34mSELECT  "ar_internal_metadata".* FROM "ar_internal_metadata" WHERE "ar_internal_metadata"."key" = ? LIMIT ?[0m  [["key", "environment"], ["LIMIT", 1]]
  [1m[35m (0.2ms)[0m  [1m[36mbegin transaction[0m
  [1m[35mSQL (66.5ms)[0m  [1m[32mINSERT INTO "ar_internal_metadata" ("key", "value", "created_at", "updated_at") VALUES (?, ?, ?, ?)[0m  [["key", "environment"], ["value", "development"], ["created_at", "2018-04-08 22:42:12.314954"], ["updated_at", "2018-04-08 22:42:12.314954"]]
  [1m[35m (25.2ms)[0m  [1m[36mcommit transaction[0m
  [1m[35m (25.3ms)[0m  [1m[34mSELECT "schema_migrations"."version" FROM "schema_migrations" ORDER BY "schema_migrations"."version" ASC[0m
  [1m[35m (37.9ms)[0m  [1m[34mSELECT "schema_migrations"."version" FROM "schema_migrations" ORDER BY "schema_migrations"."version" ASC[0m
Migrating to CreatePosts (20180408224641)
  [1m[35m (0.2ms)[0m  [1m[36mbegin transaction[0m
  [1m[35m (0.2ms)[0m  [1m[34mSELECT sqlite_version(*)[0m
  [1m[35m (111.8ms)[0m  [1m[35mCREATE TABLE "posts" ("id" INTEGER PRIMARY KEY AUTOINCREMENT NOT NULL, "blog_id" integer, "title" varchar, "content" varchar, "created_at" datetime NOT NULL, "updated_at" datetime NOT NULL, CONSTRAINT "fk_rails_dda555d01f"
FOREIGN KEY ("blog_id")
  REFERENCES "blogs" ("id")
)[0m
  [1m[35m (4.9ms)[0m  [1m[35mCREATE  INDEX "index_posts_on_blog_id" ON "posts" ("blog_id")[0m
  [1m[35mSQL (12.3ms)[0m  [1m[32mINSERT INTO "schema_migrations" ("version") VALUES (?)[0m  [["version", "20180408224641"]]
  [1m[35m (50.2ms)[0m  [1m[36mcommit transaction[0m
Migrating to CreateMessages (20180408224748)
  [1m[35m (1.1ms)[0m  [1m[36mbegin transaction[0m
  [1m[35m (100.6ms)[0m  [1m[35mCREATE TABLE "messages" ("id" INTEGER PRIMARY KEY AUTOINCREMENT NOT NULL, "post_id" integer, "author" varchar, "message" varchar, "created_at" datetime NOT NULL, "updated_at" datetime NOT NULL, CONSTRAINT "fk_rails_f36d097b9e"
FOREIGN KEY ("post_id")
  REFERENCES "posts" ("id")
)[0m
  [1m[35m (0.2ms)[0m  [1m[35mCREATE  INDEX "index_messages_on_post_id" ON "messages" ("post_id")[0m
  [1m[35mSQL (8.7ms)[0m  [1m[32mINSERT INTO "schema_migrations" ("version") VALUES (?)[0m  [["version", "20180408224748"]]
  [1m[35m (73.4ms)[0m  [1m[36mcommit transaction[0m
  [1m[36mActiveRecord::InternalMetadata Load (29.8ms)[0m  [1m[34mSELECT  "ar_internal_metadata".* FROM "ar_internal_metadata" WHERE "ar_internal_metadata"."key" = ? LIMIT ?[0m  [["key", "environment"], ["LIMIT", 1]]
  [1m[35m (0.2ms)[0m  [1m[36mbegin transaction[0m
  [1m[35m (0.1ms)[0m  [1m[36mcommit transaction[0m
  [1m[35m (22.8ms)[0m  [1m[34mSELECT "schema_migrations"."version" FROM "schema_migrations" ORDER BY "schema_migrations"."version" ASC[0m
  [1m[35m (18.3ms)[0m  [1m[34m            SELECT sql
            FROM sqlite_master
            WHERE name='index_messages_on_post_id' AND type='index'
            UNION ALL
            SELECT sql
            FROM sqlite_temp_master
            WHERE name='index_messages_on_post_id' AND type='index'
[0m
  [1m[35m (16.9ms)[0m  [1m[34m            SELECT sql
            FROM sqlite_master
            WHERE name='index_posts_on_blog_id' AND type='index'
            UNION ALL
            SELECT sql
            FROM sqlite_temp_master
            WHERE name='index_posts_on_blog_id' AND type='index'
[0m
  [1m[35m (0.7ms)[0m  [1m[36mbegin transaction[0m
  [1m[35mSQL (40.2ms)[0m  [1m[32mINSERT INTO "blogs" ("name", "description", "created_at", "updated_at") VALUES (?, ?, ?, ?)[0m  [["name", "Vegan Life"], ["description", "Vegan lifestyle and recipes"], ["created_at", "2018-04-08 23:18:01.663810"], ["updated_at", "2018-04-08 23:18:01.663810"]]
  [1m[35m (44.6ms)[0m  [1m[36mcommit transaction[0m
  [1m[35m (0.1ms)[0m  [1m[36mbegin transaction[0m
  [1m[35mSQL (95.6ms)[0m  [1m[32mINSERT INTO "blogs" ("name", "description", "created_at", "updated_at") VALUES (?, ?, ?, ?)[0m  [["name", "Kim's Keto Kitchen"], ["description", "Keto lifestyle, workouts, and recipes"], ["created_at", "2018-04-08 23:19:05.725917"], ["updated_at", "2018-04-08 23:19:05.725917"]]
  [1m[35m (87.3ms)[0m  [1m[36mcommit transaction[0m
  [1m[35m (0.2ms)[0m  [1m[36mbegin transaction[0m
  [1m[35mSQL (51.1ms)[0m  [1m[32mINSERT INTO "blogs" ("name", "description", "created_at", "updated_at") VALUES (?, ?, ?, ?)[0m  [["name", "Murder Stories"], ["description", "True Crime: local murders"], ["created_at", "2018-04-08 23:20:26.747314"], ["updated_at", "2018-04-08 23:20:26.747314"]]
  [1m[35m (26.8ms)[0m  [1m[36mcommit transaction[0m
  [1m[35m (0.3ms)[0m  [1m[36mbegin transaction[0m
  [1m[35mSQL (37.3ms)[0m  [1m[32mINSERT INTO "blogs" ("name", "description", "created_at", "updated_at") VALUES (?, ?, ?, ?)[0m  [["name", "Tea Time Confessions"], ["description", "True Crime: murder mysteries of the 1800s"], ["created_at", "2018-04-08 23:21:26.973678"], ["updated_at", "2018-04-08 23:21:26.973678"]]
  [1m[35m (26.5ms)[0m  [1m[36mcommit transaction[0m
  [1m[35m (0.2ms)[0m  [1m[36mbegin transaction[0m
  [1m[35mSQL (50.6ms)[0m  [1m[32mINSERT INTO "blogs" ("name", "description", "created_at", "updated_at") VALUES (?, ?, ?, ?)[0m  [["name", "Lazy Ruby Coder"], ["description", "Tips for making life easier when programming in Ruby on Rails"], ["created_at", "2018-04-08 23:25:42.116570"], ["updated_at", "2018-04-08 23:25:42.116570"]]
  [1m[35m (43.0ms)[0m  [1m[36mcommit transaction[0m
  [1m[36mPost Load (85.7ms)[0m  [1m[34mSELECT  "posts".* FROM "posts" ORDER BY "posts"."id" ASC LIMIT ?[0m  [["LIMIT", 1]]
