  [1m[36m (11.4ms)[0m  [1mCREATE TABLE "schema_migrations" ("version" varchar NOT NULL) [0m
  [1m[35m (0.1ms)[0m  select sqlite_version(*)
  [1m[36m (115.1ms)[0m  [1mCREATE UNIQUE INDEX "unique_schema_migrations" ON "schema_migrations" ("version")[0m
  [1m[35mActiveRecord::SchemaMigration Load (5.1ms)[0m  SELECT "schema_migrations".* FROM "schema_migrations"
Migrating to CreateUsers (20180405195933)
  [1m[36m (0.2ms)[0m  [1mbegin transaction[0m
  [1m[35m (5.4ms)[0m  CREATE TABLE "users" ("id" INTEGER PRIMARY KEY AUTOINCREMENT NOT NULL, "first_name" varchar, "last_name" varchar, "created_at" datetime NOT NULL, "updated_at" datetime NOT NULL) 
  [1m[36mSQL (0.5ms)[0m  [1mINSERT INTO "schema_migrations" ("version") VALUES (?)[0m  [["version", "20180405195933"]]
  [1m[35m (8.5ms)[0m  commit transaction
Migrating to CreateFriendships (20180405200314)
  [1m[36m (0.1ms)[0m  [1mbegin transaction[0m
  [1m[35m (8.3ms)[0m  CREATE TABLE "friendships" ("id" INTEGER PRIMARY KEY AUTOINCREMENT NOT NULL, "friend_id" integer, "friendee_id" integer, "created_at" datetime NOT NULL, "updated_at" datetime NOT NULL) 
  [1m[36m (0.1ms)[0m  [1mCREATE  INDEX "index_friendships_on_friend_id" ON "friendships" ("friend_id")[0m
  [1m[35m (0.1ms)[0m              SELECT sql
            FROM sqlite_master
            WHERE name='index_friendships_on_friend_id' AND type='index'
            UNION ALL
            SELECT sql
            FROM sqlite_temp_master
            WHERE name='index_friendships_on_friend_id' AND type='index'

  [1m[36m (0.1ms)[0m  [1mCREATE  INDEX "index_friendships_on_friendee_id" ON "friendships" ("friendee_id")[0m
  [1m[35mSQL (0.5ms)[0m  INSERT INTO "schema_migrations" ("version") VALUES (?)  [["version", "20180405200314"]]
  [1m[36m (9.2ms)[0m  [1mcommit transaction[0m
  [1m[35mActiveRecord::SchemaMigration Load (2.7ms)[0m  SELECT "schema_migrations".* FROM "schema_migrations"
  [1m[36m (1.0ms)[0m  [1m            SELECT sql
            FROM sqlite_master
            WHERE name='index_friendships_on_friendee_id' AND type='index'
            UNION ALL
            SELECT sql
            FROM sqlite_temp_master
            WHERE name='index_friendships_on_friendee_id' AND type='index'
[0m
  [1m[35m (1.0ms)[0m              SELECT sql
            FROM sqlite_master
            WHERE name='index_friendships_on_friend_id' AND type='index'
            UNION ALL
            SELECT sql
            FROM sqlite_temp_master
            WHERE name='index_friendships_on_friend_id' AND type='index'

  [1m[36m (0.1ms)[0m  [1mbegin transaction[0m
  [1m[35mSQL (87.1ms)[0m  INSERT INTO "users" ("first_name", "last_name", "created_at", "updated_at") VALUES (?, ?, ?, ?)  [["first_name", "Casey"], ["last_name", "Tequila"], ["created_at", "2018-04-05 20:09:52.750870"], ["updated_at", "2018-04-05 20:09:52.750870"]]
  [1m[36m (24.2ms)[0m  [1mcommit transaction[0m
  [1m[35m (0.1ms)[0m  begin transaction
  [1m[36mSQL (90.3ms)[0m  [1mINSERT INTO "users" ("first_name", "last_name", "created_at", "updated_at") VALUES (?, ?, ?, ?)[0m  [["first_name", "Jesus"], ["last_name", "isJewish"], ["created_at", "2018-04-05 20:10:53.244049"], ["updated_at", "2018-04-05 20:10:53.244049"]]
  [1m[35m (33.2ms)[0m  commit transaction
  [1m[36m (0.1ms)[0m  [1mbegin transaction[0m
  [1m[35mSQL (87.4ms)[0m  INSERT INTO "users" ("first_name", "last_name", "created_at", "updated_at") VALUES (?, ?, ?, ?)  [["first_name", "Mikey"], ["last_name", "PingPong"], ["created_at", "2018-04-05 20:11:51.911482"], ["updated_at", "2018-04-05 20:11:51.911482"]]
  [1m[36m (29.4ms)[0m  [1mcommit transaction[0m
  [1m[35mUser Load (1.5ms)[0m  SELECT "users".* FROM "users"
  [1m[36mUser Load (2.5ms)[0m  [1mSELECT  "users".* FROM "users"  ORDER BY "users"."id" ASC LIMIT 1[0m
  [1m[36mActiveRecord::SchemaMigration Load (0.8ms)[0m  [1mSELECT "schema_migrations".* FROM "schema_migrations"[0m
  [1m[35mActiveRecord::SchemaMigration Load (0.8ms)[0m  SELECT "schema_migrations".* FROM "schema_migrations"
  [1m[36m (0.8ms)[0m  [1m            SELECT sql
            FROM sqlite_master
            WHERE name='index_friendships_on_friendee_id' AND type='index'
            UNION ALL
            SELECT sql
            FROM sqlite_temp_master
            WHERE name='index_friendships_on_friendee_id' AND type='index'
[0m
  [1m[35m (0.8ms)[0m              SELECT sql
            FROM sqlite_master
            WHERE name='index_friendships_on_friend_id' AND type='index'
            UNION ALL
            SELECT sql
            FROM sqlite_temp_master
            WHERE name='index_friendships_on_friend_id' AND type='index'

  [1m[36mUser Load (5.4ms)[0m  [1mSELECT "users".* FROM "users"[0m
  [1m[35mUser Load (1.6ms)[0m  SELECT "users".* FROM "users"
  [1m[36mUser Load (1.8ms)[0m  [1mSELECT  "users".* FROM "users"  ORDER BY "users"."id" ASC LIMIT 1[0m
  [1m[35mUser Load (1.0ms)[0m  SELECT  "users".* FROM "users"  ORDER BY "users"."id" ASC LIMIT 1
  [1m[36mUser Load (0.9ms)[0m  [1mSELECT "users".* FROM "users" INNER JOIN "friendships" ON "users"."id" = "friendships"."friend_id" WHERE "friendships"."friendee_id" = ?[0m  [["friendee_id", 1]]
  [1m[35mUser Load (1.5ms)[0m  SELECT  "users".* FROM "users"  ORDER BY "users"."id" ASC LIMIT 1
  [1m[36mUser Load (0.9ms)[0m  [1mSELECT  "users".* FROM "users"  ORDER BY "users"."id" ASC LIMIT 1 OFFSET 1[0m
  [1m[35m (0.1ms)[0m  begin transaction
  [1m[36mSQL (91.2ms)[0m  [1mINSERT INTO "friendships" ("friend_id", "friendee_id", "created_at", "updated_at") VALUES (?, ?, ?, ?)[0m  [["friend_id", 1], ["friendee_id", 2], ["created_at", "2018-04-05 20:45:33.489595"], ["updated_at", "2018-04-05 20:45:33.489595"]]
  [1m[35m (29.2ms)[0m  commit transaction
  [1m[36mUser Load (1.4ms)[0m  [1mSELECT  "users".* FROM "users"  ORDER BY "users"."id" DESC LIMIT 1[0m
  [1m[35mUser Load (1.0ms)[0m  SELECT  "users".* FROM "users"  ORDER BY "users"."id" ASC LIMIT 1 OFFSET 1
  [1m[36m (0.0ms)[0m  [1mbegin transaction[0m
  [1m[35mSQL (84.8ms)[0m  INSERT INTO "friendships" ("friend_id", "friendee_id", "created_at", "updated_at") VALUES (?, ?, ?, ?)  [["friend_id", 3], ["friendee_id", 2], ["created_at", "2018-04-05 20:46:05.820739"], ["updated_at", "2018-04-05 20:46:05.820739"]]
  [1m[36m (39.4ms)[0m  [1mcommit transaction[0m
  [1m[35mUser Load (1.7ms)[0m  SELECT  "users".* FROM "users"  ORDER BY "users"."id" DESC LIMIT 1
  [1m[36mUser Load (0.9ms)[0m  [1mSELECT  "users".* FROM "users"  ORDER BY "users"."id" ASC LIMIT 1[0m
  [1m[35m (0.0ms)[0m  begin transaction
  [1m[36mSQL (55.1ms)[0m  [1mINSERT INTO "friendships" ("friend_id", "friendee_id", "created_at", "updated_at") VALUES (?, ?, ?, ?)[0m  [["friend_id", 3], ["friendee_id", 1], ["created_at", "2018-04-05 20:46:18.419209"], ["updated_at", "2018-04-05 20:46:18.419209"]]
  [1m[35m (27.5ms)[0m  commit transaction
  [1m[36mUser Load (1.9ms)[0m  [1mSELECT  "users".* FROM "users"  ORDER BY "users"."id" ASC LIMIT 1[0m
  [1m[35mUser Load (0.9ms)[0m  SELECT  "users".* FROM "users"  ORDER BY "users"."id" DESC LIMIT 1
  [1m[36m (0.0ms)[0m  [1mbegin transaction[0m
  [1m[35mSQL (81.2ms)[0m  INSERT INTO "friendships" ("friend_id", "friendee_id", "created_at", "updated_at") VALUES (?, ?, ?, ?)  [["friend_id", 1], ["friendee_id", 3], ["created_at", "2018-04-05 20:46:36.646375"], ["updated_at", "2018-04-05 20:46:36.646375"]]
  [1m[36m (27.6ms)[0m  [1mcommit transaction[0m
  [1m[35mFriendship Load (2.6ms)[0m  SELECT "friendships".* FROM "friendships"
  [1m[36mUser Load (2.0ms)[0m  [1mSELECT  "users".* FROM "users"  ORDER BY "users"."id" ASC LIMIT 1[0m
  [1m[35mUser Load (2.0ms)[0m  SELECT "users".* FROM "users" INNER JOIN "friendships" ON "users"."id" = "friendships"."friend_id" WHERE "friendships"."friendee_id" = ?  [["friendee_id", 1]]
  [1m[36mUser Load (2.3ms)[0m  [1mSELECT  "users".* FROM "users"  ORDER BY "users"."id" DESC LIMIT 1[0m
  [1m[35mUser Load (2.0ms)[0m  SELECT  "users".* FROM "users"  ORDER BY "users"."id" DESC LIMIT 1
  [1m[36mUser Load (0.9ms)[0m  [1mSELECT "users".* FROM "users" INNER JOIN "friendships" ON "users"."id" = "friendships"."friend_id" WHERE "friendships"."friendee_id" = ?[0m  [["friendee_id", 3]]
  [1m[35mUser Load (1.7ms)[0m  SELECT  "users".* FROM "users"  ORDER BY "users"."id" ASC LIMIT 1 OFFSET 1
  [1m[36mUser Load (1.1ms)[0m  [1mSELECT "users".* FROM "users" INNER JOIN "friendships" ON "users"."id" = "friendships"."friend_id" WHERE "friendships"."friendee_id" = ?[0m  [["friendee_id", 2]]
  [1m[35mFriendship Load (1.9ms)[0m  SELECT "friendships".* FROM "friendships"
  [1m[36mUser Load (2.0ms)[0m  [1mSELECT  "users".* FROM "users"  ORDER BY "users"."id" ASC LIMIT 1[0m
  [1m[35mUser Load (1.6ms)[0m  SELECT  "users".* FROM "users"  ORDER BY "users"."id" ASC LIMIT 1
  [1m[36mFriendship Load (1.7ms)[0m  [1mSELECT "friendships".* FROM "friendships" WHERE "friendships"."friendee_id" = ?[0m  [["friendee_id", 1]]
  [1m[35mUser Load (1.6ms)[0m  SELECT  "users".* FROM "users"  ORDER BY "users"."id" ASC LIMIT 1
  [1m[36mUser Load (0.9ms)[0m  [1mSELECT "users".* FROM "users" INNER JOIN "friendships" ON "users"."id" = "friendships"."friend_id" WHERE "friendships"."friendee_id" = ?[0m  [["friendee_id", 1]]
  [1m[35mUser Load (1.7ms)[0m  SELECT  "users".* FROM "users"  ORDER BY "users"."id" ASC LIMIT 1
  [1m[36mUser Load (1.9ms)[0m  [1mSELECT "users".* FROM "users" INNER JOIN "friendships" ON "users"."id" = "friendships"."friend_id" WHERE "friendships"."friendee_id" = ?[0m  [["friendee_id", 1]]
  [1m[35mUser Load (1.7ms)[0m  SELECT  "users".* FROM "users"  ORDER BY "users"."id" ASC LIMIT 1
  [1m[36mUser Load (1.1ms)[0m  [1mSELECT  "users".* FROM "users"  ORDER BY "users"."id" ASC LIMIT 1[0m
  [1m[35mUser Load (1.0ms)[0m  SELECT "users".* FROM "users" INNER JOIN "friendships" ON "users"."id" = "friendships"."friend_id" WHERE "friendships"."friendee_id" = ?  [["friendee_id", 1]]
  [1m[36mUser Load (0.9ms)[0m  [1mSELECT "users".* FROM "users" WHERE ("users"."id" NOT IN (SELECT "users"."id" FROM "users" INNER JOIN "friendships" ON "users"."id" = "friendships"."friend_id" WHERE "friendships"."friendee_id" = ?))[0m  [["friendee_id", 1]]
